Creating container: czX9WtiS with stress type: hdd
91fcc87307fe94c5592351d9f96ce40e7b952a0ece74aeaa89292f38c0970818
Creating container: TQyJWs9M with stress type: vm
2e29ce1ed88fad9dc5ac647c7c1ae2ba271ac9320e1969ba97cd47d02d9e3765
Creating container: YibdYyf9 with stress type: cpu
e086b743fbe14a71b860fdc23032ac1ed6d9c33fcdd4712d0ce1791612d49928
Creating container: 04eVL1QK with stress type: io
c1ccb1feb2d50f9730d3edd3044a37bf9a5c9cc1312a46d2ca1bb786b656b30d
Creating container: nxJ67qMw with stress type: io
f807a66457d789b6a2db004f42c6ca18162438cf55eb9284d5a9136a6183fcd7
Creating container: B1qEXztP with stress type: vm
bfed965197e63c080bab3b943860992534f5a0964cda564c094bda1f036de24b
Creating container: 5N0q8eyi with stress type: vm
3570196116d6db9d36635fe6e2cae0aef74439d14f8b68b69f0a8029e2c92231
Creating container: mJzSYRRz with stress type: vm
1f5bfbde1afdc9a49883dcfa88b4119dc38ea508c605c36a9483626a117142f0
Creating container: zVB0u8w1 with stress type: vm
13f8184d000913edcf2b80d99dc5f1405680c92c9e95b99ed3a71c7efa0863e0
Creating container: isC1o8si with stress type: hdd
4eea6418ac13581e191c4019ebc9e8317510287776d5b4af65baac672ef55324
Creating container: waYBZfVw with stress type: vm
5ab5c0a0e1449e6397dc409890258e38f85e79fbbe6277a39cfb2f8ac495a4df
Creating container: zt3LswoG with stress type: cpu
0dc72c1f2921c85c6b5beddd108be5e16ec90b0513f25603b67831a0b46d893e
Creating container: KD8UDMpu with stress type: hdd
e1fcdff813e57e5231139a8f2346c36a979c2eaa48046a23b8062308720deb66
Creating container: BWD05X7K with stress type: io
af93a30471803c6e3a15fc6fdbe4d203d956be1b3d2048c7e4b6c2ddf388f0c3
Creating container: U3KkEQe2 with stress type: io
6dd169faadd2b97080c904d271f4332803703a8e6bd68cfc4936d812c940a0b6
Creating container: 3Y8f14Q6 with stress type: hdd
e5284a5beec344257fa32000c006ff93a193f6b330a86b3344aa85060e0bf5e9
Creating container: qfRMCDpJ with stress type: io
f13b23d4ca4fd5dd02dd5b75a41ff27044cbed63f901ab37563e4799433f9bd9
Creating container: 424nwi9J with stress type: hdd
8c329529f28739233eaa632482ce095fc02a023819715d42e3ffbefa3f4d8028
Creating container: E0iuCwpg with stress type: cpu
4e05adc64d2df1641ac0f2202bb9b93cda9f299e102f2f19dd4e2920ea49d958
Creating container: 3QwzYpaz with stress type: cpu
53ca276f6995408f003266186b3a31af6911637a90f74f3cb0c6d5c05a621300
Creating container: eC1Roi4S with stress type: io
b81eb06fdc9e9f7ad1be851c43afd8aac6b75e27429a18edcd001b8761938168
Creating container: Im4QMX1q with stress type: cpu
9f03e619d6f80145b3f73911041fcf163b65c35c6b0d1bfd8a1e25f9fb66ac09
Creating container: MmEWSOA5 with stress type: cpu
50f4636fc534f4d0f2f7c7fbb647848add0be2c373027732187ba919a3ce8ec5
Creating container: gftxAGzN with stress type: hdd
13aad4325b671a859354f71558f352365da1e7e6cdf609ac054de89b6d23ad4e
Creating container: DYCXVXPf with stress type: io
fcd3510e4fe0339dc54413f85ffe9177807eb6aa9331b9a5b1ac73ab8e3f0a3a
Creating container: BKVhbE1m with stress type: vm
290785e3c1adca103e8e02366a01cc152e089e4857f59e8b4ea6eaef55deabc1
Creating container: H8iL8v99 with stress type: vm
64c8a9ea7dbcee3d6204acd02486c1c7133860f4dded2e5d3a510a4d6c08f8c9
Creating container: 37nIEW9a with stress type: io
6cf99676938a8f6f4d42a566401dfd85ae75797d1e3115bfe503e53b5ea50d55
Creating container: OXse49eG with stress type: cpu
69ef8d4e7b322398e2ea36c64ed4b97e995f58fc58435432185f5a569823abba
Creating container: kT7NdIQI with stress type: hdd
1e8793eb2b22a1f3ff76a6f5b02900f6349a3ee5d4ab21e925ae279c050ff375
Creating container: ZqPfdBmM with stress type: vm
26847e653a577242e4ddbc65716b5f1d254b7839d6551b316bafa69c89af19cc
Creating container: msFLQVaD with stress type: hdd
0b77d8bf78e924dcbefc81c8bf83e660830a9b44ca0b24271d15f9f9434c6070
Creating container: pt0V4wJk with stress type: vm
f592bca1ae3a05bb69fe18e65b914f772ebc049260ca8159e21ee2301bd12519
Creating container: WvOdYhcB with stress type: io
66e8d3cd945a32705913963556f51f48b00e7b283db8bbada558c1f537e7b778
Creating container: byX1SeUq with stress type: vm
d4e3f9215fca927e498cdb8f892912c9e4ce4c8b31171ab8a906b990f0dd75cb
Creating container: jMqmOYZH with stress type: cpu
52ebd75d69506ddb37f32c0ef4ffd22fe7733cc14b72a5d2ecab3e42097bf758
Creating container: ENcMcfil with stress type: vm
803e5915db6606186148ca7ab4bcc17e5575e7828efa4f05c167ef9c9e8b9a73
Creating container: IsYYu9qd with stress type: cpu
9ebc1717e57b827b930ba1bfa8d677fada90f9083bf0c0c2e0a6f67a45c5623c
Creating container: 4xNuzNaa with stress type: hdd
145c86e6e983f877ee6d9d4b0bc3a8ca9baf44479eccf73dd7acdb6e7b98d59e
Creating container: CboIv2sk with stress type: vm
46406ff57a2746cca1a69f8d1f5dc2f42f9f5bf58af8d8e32a9d8a21d3b5c549
Creating container: hFqC9Upu with stress type: hdd
67a5ac4a9ab39ea027502b36363e37c1c001b122e299d0746cfde35bf24ae27c
Creating container: 8z27PejL with stress type: vm
7206e6322d749f593cc9fd595d0fcf8bda09a7ee5c34f95479af3d97e438226c
Creating container: TCgrpd1q with stress type: vm
274c302d0205904977e8b9d4dcf47b61ce1d5be37c89232013f56e31487de921
Creating container: IfOiWOOw with stress type: io
1659deb85e7339f123f6868f21334dd3faadbc8eeb2aae77bd44e7847b4c0a6f
Creating container: yyExO4Uj with stress type: io
7bad972daf4b20831b22312d3b64699720f3c53ea41bd1bb3a0be4764f7ff13b
Creating container: wi3yF9K3 with stress type: vm
77f0faf4e0b8cce79e16e1d59a28ef61964f5d4cd44d167f6fe4eba3b9313f2b
Creating container: Rdp1ISg7 with stress type: vm
17bca80b3eabe9259afb1104f9119771a9f1ed0f56ae8623b25e76ac39e5f220
Creating container: ep3oRtf6 with stress type: hdd
4dedca758b67cc1798217f645ad4f13eb78204f78c125aa4c94027b86b54f99f
Creating container: ZzrhJ5xp with stress type: io
bed51b3c28626ef84101ae524f6eb2e2340210eb40f154f8dfa2c2c83159836e
Creating container: QB9w7A5l with stress type: vm
a0f8e7d919779a43c24b93cd14b4af292ef1f510a1cf1c8aab3c94e65f32451b
Creating container: KT34GeeA with stress type: hdd
beb634a45cc4853db8ca5e24f70101fcd8dc9710aed0ffbf125e18104d67156e
Creating container: bSyPu2wE with stress type: vm
b54c8ac8d4a5074baed89471393ab0e58ad61d5f1a22c25d7dbf21ddbc5792e0
Creating container: b87szBU1 with stress type: cpu
755f971ce48d2d82d45b0702ee1ab03df028ca8ac1d136e4a88bf211f6b294ff
Creating container: JeF9dmCG with stress type: hdd
d5e86a0d1c1a86050f40b55005857cc41d23954954b9e4da5ffa91fe9ec523a1
Creating container: FFWAG5Jv with stress type: vm
0afeacb0d1a4125ad688ea72e63293395a18c895d6fcd8c1c24764c2bfda8b75
Creating container: zlmgEQnZ with stress type: vm
000e944c946c7724b7b7538ed84c500d862f7191f730a1ae3495e90aac4e6fa1
Creating container: N88DGiUo with stress type: vm
5382ac0d332c461f0201b702a00ab8b305b052a76a78afecaf4940d3505905d5
Creating container: Eht4m2Ih with stress type: hdd
58b71da8f31f6bd52b0c251f1ca41f37b9984be6eb9a723baf0eddef9b61ed09
Creating container: lxX1laTJ with stress type: io
56bffad9d2004da349d4a78afb5375a9bd7d369b2697c1234ab8771940948ad8
Creating container: gLBzeM09 with stress type: cpu
4e50e32abad97c28469f46d5bcb2ed412ecff62b1a6bc4c663d94f1750806c58
Creating container: cmOqy6oC with stress type: cpu
2b6258c8e38cfdc1b871ebc96a1fc8a282577875da0c34041d2cd369e7352a14
Creating container: mr851SA5 with stress type: vm
a08367d99e5f2645b90c2871d11db982b0231f4eeb2369b8a05b7595ebceee0b
Creating container: ey1pgANJ with stress type: cpu
003558364f422b90ae0b857a5ac52c4648a5ec9141ee23bd08f9ef0b87de0fc5
Creating container: lztcDmlG with stress type: hdd
ebe3b5a582b40c5be63323ba8ffaa1ec79d64307122ea3680dde2bd178be5419
Creating container: ZakhbFuo with stress type: cpu
4b720bec96ab1a7549c56ded78d3af26e3c913321fa365fc7505313eee5faf47
Creating container: JSWxnZ4X with stress type: cpu
6abc6e174fdc406ad3d458060dfe93a7edf075879c3192f87a0684352082c372
Creating container: X4LI15qi with stress type: cpu
a524d9bba38752f90696285cdd60359fb43c0e31468ce6da2370fc1960fbfad4
Creating container: SGv3Zmma with stress type: hdd
c6e93e2dbd55c6343349e8081e560c9a661499cc10b66f4740d64a7ff6743bc5
Creating container: 0S86ibYO with stress type: io
c6ddb08a4a11f08d95e08b374ec0f9aae28f641b92578115eca6ace8b804144b
Creating container: 5mU9m2Y3 with stress type: io
06f60d04ca668498453740cd5512c068a0de8dbc1d90b7374052659118914781
Creating container: 4YDajIMd with stress type: vm
fbca4a9913cd6e83257f1574f9ded6c8597383d9826f8c0d642ceade80bb6216
stress: info: [1] dispatching hogs: 0 cpu, 0 io, 1 vm, 0 hdd
Creating container: pADmn30a with stress type: hdd
627b0b8258ed5f21fb18838e04b572ab67a1d0938bdf7ff1e34cdbbf1db64318
stress: info: [1] dispatching hogs: 0 cpu, 0 io, 0 vm, 1 hdd
Creating container: n3mgYuEv with stress type: vm
42be1b5a2237952d77eb2397e5082c73dd69a35e0ea6147e47d7c0d88ca04f4d
stress: info: [1] dispatching hogs: 0 cpu, 0 io, 1 vm, 0 hdd
Creating container: 4tMtxVpu with stress type: vm
b6e52c2c1d8f0588dd0cd316e5c6d61c18422d82fad3fb8c03c5afb629e67325
stress: info: [1] dispatching hogs: 0 cpu, 0 io, 1 vm, 0 hdd
Creating container: fXaji7jG with stress type: hdd
5c1c6bb776eae7bca2c4c41759bb5191e699c1bff06621cba5e309717a03e597
stress: info: [1] dispatching hogs: 0 cpu, 0 io, 0 vm, 1 hdd
Creating container: 0Wn9lCaN with stress type: cpu
fd4152c19a3d4d0e0dd6a598db0c6506f5bddcb5fb6ca2fca824732ed0740042
stress: info: [1] dispatching hogs: 2 cpu, 0 io, 0 vm, 0 hdd
Creating container: nH73Rpix with stress type: vm
cea8e5af4b95a3debb8d1183995a7ce5e933be34f92248e5474e3d412376df6c
stress: info: [1] dispatching hogs: 0 cpu, 0 io, 1 vm, 0 hdd
Creating container: oGr66uK3 with stress type: io
1303f8c9d3eb60310d63119e66d55b72dbaee9a295d6c85ca03dfeb21baf6c9c
stress: info: [1] dispatching hogs: 0 cpu, 4 io, 0 vm, 0 hdd
Creating container: fNaW3pVQ with stress type: hdd
0583252ea0e74fb6d4933ee2a5623e225f3d5938230b196f6741b289b2918d62
stress: info: [1] dispatching hogs: 0 cpu, 0 io, 0 vm, 1 hdd
Creating container: vgp5x1IE with stress type: io
Creating container: N1kPkrpi with stress type: cpu
c95d9ae672149acc3e793fc47ded8567946c68b0e428bd120e59f41f75d1a8b9
01cc4a41036d514d287b2cf27eea9c28cf1cba3813a5847c52ee8db9864197f3
stress: info: [1] dispatching hogs: 0 cpu, 4 io, 0 vm, 0 hdd
stress: info: [1] dispatching hogs: 2 cpu, 0 io, 0 vm, 0 hdd
Creating container: OtTYr2aV with stress type: cpu
c744e96d587d2bbb41e216bf723d39c9aa93bc1ef545aeac37d0922d6b298474
stress: info: [1] dispatching hogs: 2 cpu, 0 io, 0 vm, 0 hdd
Creating container: W6vrjTSr with stress type: vm
a1b5bac9ddf01063c5d8b31eaeb78f9bef674979c17b99d403e77195e4252527
stress: info: [1] dispatching hogs: 0 cpu, 0 io, 1 vm, 0 hdd
Creating container: 2o7HE8ms with stress type: vm
c12ead38d60c41d7f8037e91a86c890f268bc68f77492cfa98277874a0d7a3ba
stress: info: [1] dispatching hogs: 0 cpu, 0 io, 1 vm, 0 hdd
Creating container: M0J03OwR with stress type: hdd
ce0113460651d4f523afc5d078b8d67b8df56df0a75044309b4053a6926e17e3
stress: info: [1] dispatching hogs: 0 cpu, 0 io, 0 vm, 1 hdd
Creating container: zBkPRkI9 with stress type: hdd
01b471f8823cfbd886f680ff34fc539c3e53928460ef7e9673294c64bcb30880
stress: info: [1] dispatching hogs: 0 cpu, 0 io, 0 vm, 1 hdd
Creating container: dfFSIJDo with stress type: vm
Creating container: T7mKDuAk with stress type: vm
2aab180e0e721cbefed4ea43694c3f8ff60544292d42cef0949c5b6656b0ba75
stress: info: [1] dispatching hogs: 0 cpu, 0 io, 1 vm, 0 hdd
Creating container: xKqWdC0A with stress type: cpu
116c7f1590d38daab065ed8a2bcdd16b464126568980ec4eb3e46a1aefcfff3b
25c257cc75f8b79ce084b9937cd2328f1d966a30c3c35074cbe9453944c4c4e5
stress: info: [1] dispatching hogs: 0 cpu, 0 io, 1 vm, 0 hdd
Creating container: tB9hn3Rx with stress type: cpu
stress: info: [1] dispatching hogs: 2 cpu, 0 io, 0 vm, 0 hdd
Creating container: RIuxjf1w with stress type: cpu
21d27f01d61ef21ea577fb53bd8edfb4b0379c31a433516cd3c1cda69e909bb1
46ed11d5cb44a1e5f12cee5bcc720b8de9f45de0fc8b5d81e1201caf5ae1b2e6
stress: info: [1] dispatching hogs: 2 cpu, 0 io, 0 vm, 0 hdd
Creating container: jLXprdla with stress type: cpu
stress: info: [1] dispatching hogs: 2 cpu, 0 io, 0 vm, 0 hdd
Creating container: xthSomSl with stress type: vm
57bbc518af40fb7e36c9690401385faef3e05f996796190f35eefb24d937eb40
13f3f10c58016b218e4899f461dd2879b8894f16e0afe6f2cb562838a910c6cd
stress: info: [1] dispatching hogs: 2 cpu, 0 io, 0 vm, 0 hdd
Creating container: 58oKS0ky with stress type: io
stress: info: [1] dispatching hogs: 0 cpu, 0 io, 1 vm, 0 hdd
3252395a9029882ca747da9d797b49aa62e938847cb0ed1a875a8e009aa0f012
stress: info: [1] dispatching hogs: 0 cpu, 4 io, 0 vm, 0 hdd
Creating container: M6hZwC6Q with stress type: hdd
0bfb10390df73b80cf7d9f431f994fd85aa2554675c8abca62f4c2356716ae1a
stress: info: [1] dispatching hogs: 0 cpu, 0 io, 0 vm, 1 hdd
Creating container: id0wVlUF with stress type: cpu
3aa31e2e547a667696957f7813093b66ec2d34c9e581d88ccf3f87511ba43807
stress: info: [1] dispatching hogs: 2 cpu, 0 io, 0 vm, 0 hdd
Creating container: HM2eKyBq with stress type: hdd
Creating container: jylGNaEo with stress type: cpu
496b578df865fafccde419e47544814bae4a6dfffe92668adf236181a44b7341
5d95b5cee7fe970605120abeff51515fc74a2d58bbe452dcda77d4f782d79f5b
stress: info: [1] dispatching hogs: 0 cpu, 0 io, 0 vm, 1 hdd
Creating container: 1Rc1lPqZ with stress type: vm
stress: info: [1] dispatching hogs: 2 cpu, 0 io, 0 vm, 0 hdd
Creating container: DrlU42zE with stress type: hdd
2f7723ee354371ae6a1161870a60a9f2f1c83cb462c73a2f5f3763e8241b8794
b27333c31b3e6225a535cef931e2cc2b3a582d538461c0664d9d2a142e5e652a
stress: info: [1] dispatching hogs: 0 cpu, 0 io, 0 vm, 1 hdd
Creating container: fZa4wmxM with stress type: vm
stress: info: [1] dispatching hogs: 0 cpu, 0 io, 1 vm, 0 hdd
Creating container: FPVqizVh with stress type: io
6a9986d16cc63f6d454f3e36b0e2103374db6e3d542d0a7c481d4486f7770d4c
stress: info: [1] dispatching hogs: 0 cpu, 0 io, 1 vm, 0 hdd
Creating container: lFlLOZHu with stress type: hdd
5fe9b67f42379f2245ae5c22594c3a11f2e32714ae8d5014915c997ea1426482
stress: info: [1] dispatching hogs: 0 cpu, 4 io, 0 vm, 0 hdd
Creating container: ShDShdHz with stress type: cpu
b847a7b21bc3ac09b421b19488a7d1949f9bb5ee26a2a0c8037392d7094aeba4
7b1679c370fb8a3f764b7a3691a8e6ab248ffdb59809104bd49415e51bfd4d07
stress: info: [1] dispatching hogs: 0 cpu, 0 io, 0 vm, 1 hdd
Creating container: tH2Zlmry with stress type: hdd
stress: info: [1] dispatching hogs: 2 cpu, 0 io, 0 vm, 0 hdd
Creating container: vmPxZ2vU with stress type: vm
5a765602be768c92e4e6b5bf4d4aca88316dd8694e69ff13b08c2dc23133371b
71cff02db5e124a6c1209268ad19a9dd55e5e8186740d38cc806a89721bb1b00
stress: info: [1] dispatching hogs: 0 cpu, 0 io, 1 vm, 0 hdd
Creating container: Dr9sotW6 with stress type: vm
stress: info: [1] dispatching hogs: 0 cpu, 0 io, 0 vm, 1 hdd
Creating container: 0VnQcWA1 with stress type: io
f1a5f269f80d09a0e54cabe5a58113e89c26a6d923f2a493c4db8dc581a3616d
stress: info: [1] dispatching hogs: 0 cpu, 4 io, 0 vm, 0 hdd
Creating container: 4R7vXLQO with stress type: io
1afd38492fe9a7414c0cdad6edc9fda0fb331054936a0e9e33f496d9f03b2111
3b0ac36ec567582f91ace502d42073319237f8de26ac8aeb948cc0e81dc286fa
stress: info: [1] dispatching hogs: 0 cpu, 0 io, 1 vm, 0 hdd
Creating container: SrPrrXIb with stress type: vm
stress: info: [1] dispatching hogs: 0 cpu, 4 io, 0 vm, 0 hdd
Creating container: sZsAdUR9 with stress type: hdd
cd12b2bdce043f36c4e5c11e2baf0ca45615f3e1d026c2982249f21a6d4c7572
150071a3830613e48984f62868de9f5b11ebd411e166e3a39b9df322348131ae
stress: info: [1] dispatching hogs: 0 cpu, 0 io, 1 vm, 0 hdd
Creating container: xvPq1JxT with stress type: vm
stress: info: [1] dispatching hogs: 0 cpu, 0 io, 0 vm, 1 hdd
Creating container: hb6hWyvm with stress type: hdd
ff17c638a1a943a1b70f9a2b2539228afc9de73963fb44730b7a08f639287fd8
b8ba2c4cf2f50da3ec749174486699b9a01842aa9bc118d20480acbe80572217
stress: info: [1] dispatching hogs: 0 cpu, 0 io, 0 vm, 1 hdd
Creating container: EoJPxR89 with stress type: io
stress: info: [1] dispatching hogs: 0 cpu, 0 io, 1 vm, 0 hdd
Creating container: hKt0BX1p with stress type: io
d4c2fd1cdc1c03fb8f9a85a123ad417f5c629d06357ff766348420987303d344
0cc6f6f8776a93e5e177a852efbc9d0ce36db57688f65971d4ba6203c0a30a67
stress: info: [1] dispatching hogs: 0 cpu, 4 io, 0 vm, 0 hdd
Creating container: klYifN5Y with stress type: cpu
stress: info: [1] dispatching hogs: 0 cpu, 4 io, 0 vm, 0 hdd
0e6e0f1cbc1120dbca5c856aae9e3ba4c4d51f7f0eeae11a5274b5dca789b134
stress: info: [1] dispatching hogs: 2 cpu, 0 io, 0 vm, 0 hdd
Creating container: I5CyUusU with stress type: io
d712f75350a236e0d1dbd3c4dd9ba3e67f264ec84f41572aa185631f6c2a6bc9
stress: info: [1] dispatching hogs: 0 cpu, 4 io, 0 vm, 0 hdd
Creating container: 33Y6jmHB with stress type: vm
57cf65b1b7f7da9937340eb0ad99d9fdf5e2bea65c0a2ce1d2d8b8082b3654d2
stress: info: [1] dispatching hogs: 0 cpu, 0 io, 1 vm, 0 hdd
Creating container: yDyFgqKL with stress type: cpu
d61bd30032782a26dec4df10b9eb66f8583479636f8992960df9d37e7e239e3b
stress: info: [1] dispatching hogs: 2 cpu, 0 io, 0 vm, 0 hdd
Creating container: UFVeemOB with stress type: vm
6bbe65bdba4da9069a61c76c0ee68696d462428b6e3fa8044ef2561e43745a5e
stress: info: [1] dispatching hogs: 0 cpu, 0 io, 1 vm, 0 hdd
Creating container: BhKBha8I with stress type: hdd
ca0a545ebc513390d515145f0356abbec31707c838573c139421858a4921e081
stress: info: [1] dispatching hogs: 0 cpu, 0 io, 0 vm, 1 hdd
Creating container: ZLwe0brY with stress type: cpu
2aa6699a42f2773ddd0b9e1bcb3f729341f7507ae1c3e57357669f8f01cadc56
stress: info: [1] dispatching hogs: 2 cpu, 0 io, 0 vm, 0 hdd
Creating container: DTA3fnvJ with stress type: cpu
fffc0560317409b7b7551abd8f5aaef50ca66c162982c0cd8acd556add79509c
stress: info: [1] dispatching hogs: 2 cpu, 0 io, 0 vm, 0 hdd
Creating container: 2KxRoS0z with stress type: vm
edbbfea9561a1f05148b46bd5f19f75ea198e5d5de9c1d06b98155378e97d87e
stress: info: [1] dispatching hogs: 0 cpu, 0 io, 1 vm, 0 hdd
Creating container: 6NWWqmqv with stress type: cpu
701b67ffec110f82146a4e9b970e9c228c772f593aaa138fe5ba9d453660b0a9
stress: info: [1] dispatching hogs: 2 cpu, 0 io, 0 vm, 0 hdd
Creating container: aWATbicE with stress type: cpu
9d4e8c42e9b54d4409b7408dc344a933fdf6d6015401149d6123c7db55d28154
stress: info: [1] dispatching hogs: 2 cpu, 0 io, 0 vm, 0 hdd
Creating container: FSA00tz2 with stress type: io
416748a0f20f359259640338c8553dcac231ac0b83dde12f0ba05ba2fb69b46c
stress: info: [1] dispatching hogs: 0 cpu, 4 io, 0 vm, 0 hdd
Creating container: NW4Lrgt3 with stress type: cpu
785a0424594f7e09c18e6a296181700e9085d23d7a705024cebe6974940e3a0d
stress: info: [1] dispatching hogs: 2 cpu, 0 io, 0 vm, 0 hdd
Creating container: R60T8M0I with stress type: hdd
51fcb84868e21041d1df067a283d8d85e61450686cdecb83b326bdba0884bffa
stress: info: [1] dispatching hogs: 0 cpu, 0 io, 0 vm, 1 hdd
Creating container: ufWg8aUq with stress type: io
02dda38161e5d69b9aa6c2e15b11d585dc3f3a73d4f290f1e69f3b0ce89c0ec9
Creating container: OqGEO9R1 with stress type: vm
stress: info: [1] dispatching hogs: 0 cpu, 4 io, 0 vm, 0 hdd
09286115a421f9f4faba5469c4ebe5e3d200e31622c8167763cc7551d4974cee
stress: info: [1] dispatching hogs: 0 cpu, 0 io, 1 vm, 0 hdd
Creating container: kE6fUSYc with stress type: cpu
ea4ea4e00f7b1615021b8e30eff437bd041ca4236a03b41c98536a7de52e1ac0
stress: info: [1] dispatching hogs: 2 cpu, 0 io, 0 vm, 0 hdd
Creating container: DYNFFafP with stress type: cpu
9555b2ccf9b44cb81781c580b4e2fcede9bfb4af8c013f080aece747aeb555a2
stress: info: [1] dispatching hogs: 2 cpu, 0 io, 0 vm, 0 hdd
Creating container: j31KtLI5 with stress type: vm
276bda52c1d974b83a108ba49332d5c482801b7d5c013ada10b0578a77dff712
stress: info: [1] dispatching hogs: 0 cpu, 0 io, 1 vm, 0 hdd
Creating container: ROYTiqv1 with stress type: vm
380f7ac9c456621e733fb6e46b45bd1a87ff5e1cc1267b816d387cae44bef5de
stress: info: [1] dispatching hogs: 0 cpu, 0 io, 1 vm, 0 hdd
Creating container: 9iWgeCBv with stress type: vm
8478cc26d19cce71afbf6917f41881de3b67fc75a0fdb72b1f635effee2b04e4
stress: info: [1] dispatching hogs: 0 cpu, 0 io, 1 vm, 0 hdd
Creating container: i4YG1Zqc with stress type: cpu
275013ddc338c13adf1354f670fdfe331cadadee35f5435a467fb1b418211fed
stress: info: [1] dispatching hogs: 2 cpu, 0 io, 0 vm, 0 hdd
Creating container: Amy7R3LM with stress type: hdd
66311e40f588c39833dbf4e383862506435d28b5d8b4a16992b70e47b98c7cd9
stress: info: [1] dispatching hogs: 0 cpu, 0 io, 0 vm, 1 hdd
Creating container: WJ82d13i with stress type: io
1de0fac8acb043296cf0509d73eae7422e1a414b1b4ca1f789d3e0a327e1faac
stress: info: [1] dispatching hogs: 0 cpu, 4 io, 0 vm, 0 hdd
Creating container: tI6ZObZ0 with stress type: io
Creating container: N4HtGCPP with stress type: hdd
30501f9a148e3a4e3d1369881598d9991b0315583c4485ac02636d1a6f4c3421
stress: info: [1] dispatching hogs: 0 cpu, 4 io, 0 vm, 0 hdd
f1fe818eed01f6b7e08d9f4cff274bd6214669d6ba58aa5accf4ac2be60bf57b
stress: info: [1] dispatching hogs: 0 cpu, 0 io, 0 vm, 1 hdd
Creating container: PgmH9Fy0 with stress type: io
60c5fb29954a33eb28e776222d3861d6cbf60fe67191ed2f5b5faca059f84300
stress: info: [1] dispatching hogs: 0 cpu, 4 io, 0 vm, 0 hdd
Creating container: fTOTkRqH with stress type: cpu
d0fde59328f4889850cbd105545330b05f8ef6cbb0c5a0a970e6c74568b85048
stress: info: [1] dispatching hogs: 2 cpu, 0 io, 0 vm, 0 hdd
Creating container: IQyvN0i0 with stress type: io
6cd542052c5dcd9f25e6d0d8db830a2935444eef730d664215352a7031d80f18
stress: info: [1] dispatching hogs: 0 cpu, 4 io, 0 vm, 0 hdd
Creating container: 8r4ddR3y with stress type: io
9b955403f8111acd157c60ef813c89b045aa91264539d5c2b8561453f99afa9f
stress: info: [1] dispatching hogs: 0 cpu, 4 io, 0 vm, 0 hdd
Creating container: 6LnR9kfD with stress type: io
5569d5599a3466d6eedda77c5624b989da156cfdd7fb75b50795fe9ff6721dcb
Creating container: v8wg9Ldl with stress type: vm
stress: info: [1] dispatching hogs: 0 cpu, 4 io, 0 vm, 0 hdd
Creating container: TFeSh3IF with stress type: cpu
3138e10259444b07a4447af6a2e8fe0810dd947b59632beabe2f4a0515347d2e
14fa83abad8306eae7e9f6635fae5b707b7686e008e5353c662f66e982ee003d
stress: info: [1] dispatching hogs: 0 cpu, 0 io, 1 vm, 0 hdd
stress: info: [1] dispatching hogs: 2 cpu, 0 io, 0 vm, 0 hdd
Creating container: xEXeFcEI with stress type: hdd
Creating container: 1bxeX65P with stress type: io
9cf6699c04e85c84dfb84fc8354174375f43a8ade17d2b78f64078c29509f002
bf3b173b8917a05220dae0ac0c7ebf333d8f9cdaf21a15e072df9f435f50fe99
stress: info: [1] dispatching hogs: 0 cpu, 4 io, 0 vm, 0 hdd
Creating container: 1oW8ALWT with stress type: cpu
stress: info: [1] dispatching hogs: 0 cpu, 0 io, 0 vm, 1 hdd
Creating container: HUbxCBG5 with stress type: vm
15f5c3c802965c78ca224e335b24b145db6c02232b52510ccb68506f38f04077
09ea954c5c64f3a1e23c611c3c6acaf9a5fb9ad6069a23beb88ea4ed4e44196b
stress: info: [1] dispatching hogs: 0 cpu, 0 io, 1 vm, 0 hdd
Creating container: UlQqe7oK with stress type: hdd
stress: info: [1] dispatching hogs: 2 cpu, 0 io, 0 vm, 0 hdd
Creating container: ZmsgqT4v with stress type: cpu
df001b3241e55125cd79243fba9fffc2bbd28e6b8cf8bc4fe840b44b1fc95025
4ed607b546719c8966bb69d807b1afbb41bf68bfde5f9f3cafe580ee7083669d
stress: info: [1] dispatching hogs: 0 cpu, 0 io, 0 vm, 1 hdd
stress: info: [1] dispatching hogs: 2 cpu, 0 io, 0 vm, 0 hdd
Creating container: MwGKIwcH with stress type: vm
59370f2bd5c26d02c0c16fe9799b598ac4fd1e19d3996a10caad086343e79e92
stress: info: [1] dispatching hogs: 0 cpu, 0 io, 1 vm, 0 hdd
Creating container: kr2q5s01 with stress type: hdd
Creating container: pPqXWcN3 with stress type: hdd
d983f90cefbabff6c60af576a5c6c5c96abb56d17f0c4aed562ea3fd9425e0e3
stress: info: [1] dispatching hogs: 0 cpu, 0 io, 0 vm, 1 hdd
Creating container: FLokSLWJ with stress type: vm
7b6a6d899c3d92d43bc85dffbfbfc5d22142128fa50cc1e9f4e749cac3df86fa
stress: info: [1] dispatching hogs: 0 cpu, 0 io, 0 vm, 1 hdd
Creating container: pR4D1eWZ with stress type: vm
76b841382b548e104a197e45818eaf99fa91b8316df3fa0081dc33214e6ddc22
fba7970a82d85ae53bcee09c1450149f011e19216a32a5c71156d008f783ef4e
stress: info: [1] dispatching hogs: 0 cpu, 0 io, 1 vm, 0 hdd
Creating container: Qcv8OMJQ with stress type: vm
stress: info: [1] dispatching hogs: 0 cpu, 0 io, 1 vm, 0 hdd
Creating container: uEb3bZZO with stress type: vm
da40ddc4c7f41708ed0a57a08e5467f4fa543554475a10b1e2063e9b18923948
3797bc0d187220eaeb6b6a2769f46478e2c373d8fa6cfba4c0c12f9ed1e51cf6
stress: info: [1] dispatching hogs: 0 cpu, 0 io, 1 vm, 0 hdd
Creating container: smIBb1T5 with stress type: vm
stress: info: [1] dispatching hogs: 0 cpu, 0 io, 1 vm, 0 hdd
Creating container: 4TqU66uz with stress type: vm
b5750738a13e8bbf7d7e5d828105896b142ed30eea7783b5f06eb495087953b3
Creating container: cjgMkCqd with stress type: hdd
stress: info: [1] dispatching hogs: 0 cpu, 0 io, 1 vm, 0 hdd
Creating container: EfpTsTeg with stress type: io
33ec3b8771a83939e5dcc2154b16601d5f1a9ada3617f61a6d23fe14c4a24dc4
cf39a1c70e9f9e5cdfa4abd7a441ce52adaa48c351730e6ef117c121efe57a35
02bf5c500753bc2f54557edeeeb37bbb7720108c5f8ce7148bfcdf08b6277b3a
stress: info: [1] dispatching hogs: 0 cpu, 0 io, 1 vm, 0 hdd
Creating container: cKXnOcp5 with stress type: vm
stress: info: [1] dispatching hogs: 0 cpu, 0 io, 0 vm, 1 hdd
Creating container: K7pdntuh with stress type: cpu
stress: info: [1] dispatching hogs: 0 cpu, 4 io, 0 vm, 0 hdd
Creating container: huuknw8D with stress type: cpu
8d3aaf97d1b1e6b15e209d623207ca78a4909c873c2ee81f9abc103e00bcdc9c
f2364690439d85e6be942470ee5cccdd516300a4716d75ddcbf81ef3eca2108a
78744009e0a422858571fefb1334e0ed03030adaf340c97b95769105c2835095
stress: info: [1] dispatching hogs: 0 cpu, 0 io, 1 vm, 0 hdd
stress: info: [1] dispatching hogs: 2 cpu, 0 io, 0 vm, 0 hdd
Creating container: D0B2RPjo with stress type: cpu
stress: info: [1] dispatching hogs: 2 cpu, 0 io, 0 vm, 0 hdd
Creating container: z6ZhAums with stress type: vm
caf4c9ca547eb00e029b174ede7bfbdd698e9c9d35c263223ccf9ed1ff80558f
c1dbb876104db99637def8b4a635c98407e02f3b7bdc52b33c15f24d4e2f3736
stress: info: [1] dispatching hogs: 0 cpu, 0 io, 1 vm, 0 hdd
Creating container: jgRFWJoI with stress type: cpu
stress: info: [1] dispatching hogs: 2 cpu, 0 io, 0 vm, 0 hdd
Creating container: j2SX1czs with stress type: hdd
d69127195e25521a5db04bc7d25f8a0ce91befd36765831d74fd94cae076b5e8
37fe9630f2c3a91aa11446814b5c29a2d706211c717f6a945a01b7d41ca69f1e
stress: info: [1] dispatching hogs: 2 cpu, 0 io, 0 vm, 0 hdd
Creating container: h1Cqyzue with stress type: io
stress: info: [1] dispatching hogs: 0 cpu, 0 io, 0 vm, 1 hdd
Creating container: Zxer4pnI with stress type: cpu
c32148051a571a7efce72d3887cb475557754aff14a53d12f4bf3d8f8cdc7813
c46238d3520fd61153db1b6ae96e69c0be51564581ab24dc72656fb7367f45be
stress: info: [1] dispatching hogs: 0 cpu, 4 io, 0 vm, 0 hdd
Creating container: 4HxI71tj with stress type: hdd
stress: info: [1] dispatching hogs: 2 cpu, 0 io, 0 vm, 0 hdd
Creating container: cbTn7RKv with stress type: io
Creating container: UnjbJwOQ with stress type: cpu
ddc9618f1ab608940b1548321988e575eafe85bd46d62b6abb308c904abae91f
583c15836b4fd35ad419339793b9957077f47a3a97d369d04beb2257f3e342b1
e5e85289f67ae1c3411092fcfafb0f1a0dfbcbed5e0b03cf1cf1ead6151503e9
stress: info: [1] dispatching hogs: 0 cpu, 4 io, 0 vm, 0 hdd
stress: info: [1] dispatching hogs: 0 cpu, 0 io, 0 vm, 1 hdd
Creating container: nxykwZuC with stress type: vm
stress: info: [1] dispatching hogs: 2 cpu, 0 io, 0 vm, 0 hdd
Creating container: yG7xZyKL with stress type: io
913ea45c90c97f429f9254a999dde0125279b0c9b115fee263545e76a162b20c
d51c8fe23373d8d896f426cd78f9dde00e2eaf01138bb5b89c7c44199149bb07
stress: info: [1] dispatching hogs: 0 cpu, 0 io, 1 vm, 0 hdd
Creating container: 7iR0PeVh with stress type: vm
stress: info: [1] dispatching hogs: 0 cpu, 4 io, 0 vm, 0 hdd
Creating container: xCkvswQ0 with stress type: io
cd29d0ecaed6521572976805364c71cd24a0959151865795e68ef781bc781a5b
4888d3aca27375e1fc19006b3796118acee5547f79d7d5d6cc6e82bd943b6ffd
stress: info: [1] dispatching hogs: 0 cpu, 0 io, 1 vm, 0 hdd
Creating container: FfXz2sQd with stress type: cpu
stress: info: [1] dispatching hogs: 0 cpu, 4 io, 0 vm, 0 hdd
Creating container: MKMF7Wc7 with stress type: io
eaf5c7ad66d10f22ee47a998425ba764ed9563a64e96ecb44240893fdb91abc9
073acd119fcb194de3d67c5b21dce243fdbd287e517788ae9ae3d08b31bdb5dc
stress: info: [1] dispatching hogs: 2 cpu, 0 io, 0 vm, 0 hdd
Creating container: pLkCEbJM with stress type: io
stress: info: [1] dispatching hogs: 0 cpu, 4 io, 0 vm, 0 hdd
Creating container: hs52pDc5 with stress type: io
e56f70ad10014063ad2c1a5938db4149685720acb39fb9e99750b7ef04250206
446c606be8fa6360d0e725c79ba065bb882298a1e14f23a4145e82d33c061fd7
stress: info: [1] dispatching hogs: 0 cpu, 4 io, 0 vm, 0 hdd
Creating container: W6xTLAVL with stress type: cpu
stress: info: [1] dispatching hogs: 0 cpu, 4 io, 0 vm, 0 hdd
Creating container: VJNm5GKv with stress type: hdd
37695c829463f4b5a1df2698ab13aba9ea0b7d869c441d0a0eefafb0423f5521
1a5c10dbb2e46f1b4180877b298c6c3f74fafaae4b3e3dbbdb6b6826c99d5f02
stress: info: [1] dispatching hogs: 2 cpu, 0 io, 0 vm, 0 hdd
Creating container: h3UDtcOF with stress type: hdd
stress: info: [1] dispatching hogs: 0 cpu, 0 io, 0 vm, 1 hdd
Creating container: GHIt6xh8 with stress type: vm
cc2feaefeb354071bf80ee6c97d1fd467586268c9f8f601dbce225d13aca202d
958c398391765f5279759256d461a4aaed9359e83faad85f26a4aae86b7279e8
stress: info: [1] dispatching hogs: 0 cpu, 0 io, 0 vm, 1 hdd
Creating container: yZ8k4PfV with stress type: io
stress: info: [1] dispatching hogs: 0 cpu, 0 io, 1 vm, 0 hdd
Creating container: eFMaCiPp with stress type: hdd
3d6e2cdff3705173f43a9f641659a02984a39a9a2d455d6fdd8e74e907b37416
55035a47b737189b50171f797733a9bdad73a02435bca118528d6963af48d42a
stress: info: [1] dispatching hogs: 0 cpu, 4 io, 0 vm, 0 hdd
Creating container: CHoJB3TF with stress type: hdd
4e5c63ebf0a51c3ed4611292fcfbdf278e26004d006b2916e84b1416acab7a1b
stress: info: [1] dispatching hogs: 0 cpu, 0 io, 0 vm, 1 hdd
Creating container: TWWsTmPk with stress type: io
Creating container: FcS91qsJ with stress type: hdd
stress: info: [1] dispatching hogs: 0 cpu, 0 io, 0 vm, 1 hdd
Creating container: ObCMl7IX with stress type: vm
02e3b824b5c205416a18549b61d6a3488512ea5b40c02c64ac1c45166d83c52d
4a160ed1095d297fc5d41c172a338da2ce4d4535375190a40d5f5940c30c956c
stress: info: [1] dispatching hogs: 0 cpu, 0 io, 0 vm, 1 hdd
Creating container: ObxC0bfJ with stress type: vm
stress: info: [1] dispatching hogs: 0 cpu, 4 io, 0 vm, 0 hdd
Creating container: aSloXseP with stress type: io
a800b0870922f3ef45431d0462b15cbf9418540c2bf826edc5238cfdbe82fd2e
b8ed5256804bf229f082b506e2435634664ae17ca0207f0a61d33c5f3ba3b123
c44dbf4bd32a94e7d37313745bb7d4d0c53d43d3ff9c1908f3e348bf5d094c0e
stress: info: [1] dispatching hogs: 0 cpu, 0 io, 1 vm, 0 hdd
Creating container: MoUZenSI with stress type: hdd
stress: info: [1] dispatching hogs: 0 cpu, 4 io, 0 vm, 0 hdd
stress: info: [1] dispatching hogs: 0 cpu, 0 io, 1 vm, 0 hdd
Creating container: YBZlYmuY with stress type: vm
ee2659b3216ce376d6ed3ca447c7f48f557094c5904c11015de2f5b9ad041a5d
Creating container: Y4s4SaQi with stress type: cpu
4cdc2aada4a181968b9e9e15da369e5d874150742fff84a83e25e721e1a1e3f5
stress: info: [1] dispatching hogs: 0 cpu, 0 io, 0 vm, 1 hdd
Creating container: vPrfFGtJ with stress type: io
81a4fcd681654c55159d758d5eb50dc0620af572d66e4f3f038a205751a4f428
eed31d8bfaec1f04300f28d8fe157ac355ccf9dae4a649d3eec97caa316322b7
stress: info: [1] dispatching hogs: 0 cpu, 0 io, 1 vm, 0 hdd
Creating container: E27siSWk with stress type: io
stress: info: [1] dispatching hogs: 2 cpu, 0 io, 0 vm, 0 hdd
Creating container: IX8rLFiI with stress type: io
stress: info: [1] dispatching hogs: 0 cpu, 4 io, 0 vm, 0 hdd
Creating container: MJX3fewd with stress type: vm
819e2f90c25a13488d30d05bedb3b82348d8e4bae0e87aa243ed031e53675207
86ea5454bddf1b3d769be6fca676e3994a4e34cd92fbc9e6be8b5cfe6b9ddfb1
88dcff222d1c68bedeca7fa78c5409690dbf8dac4d33f738048ce85da99b62c0
stress: info: [1] dispatching hogs: 0 cpu, 4 io, 0 vm, 0 hdd
Creating container: NiJ7cYGk with stress type: hdd
stress: info: [1] dispatching hogs: 0 cpu, 0 io, 1 vm, 0 hdd
Creating container: 6VN7FwkT with stress type: hdd
stress: info: [1] dispatching hogs: 0 cpu, 4 io, 0 vm, 0 hdd
Creating container: AWmi5wP9 with stress type: io
d2c83951dca34914c3c8554c7e92d125252185d99c0acbbf73092a2e011c09cc
3354fce096b3afcf9cd5ce3bdbc6ea49b098ab621534d8753aee6961e112ef6b
ff370c0c2257844a6510b49c746351f7c8edac7a4c0bf13e531d03fdb6e673ad
stress: info: [1] dispatching hogs: 0 cpu, 0 io, 0 vm, 1 hdd
Creating container: pLuYOEnI with stress type: io
stress: info: [1] dispatching hogs: 0 cpu, 0 io, 0 vm, 1 hdd
Creating container: GQNiGqgh with stress type: io
stress: info: [1] dispatching hogs: 0 cpu, 4 io, 0 vm, 0 hdd
Creating container: Ikgwg2Rx with stress type: io
Creating container: I4S6a1Rg with stress type: io
fb40234c056cd99add330314271e4a9520e4e1d703c8fd35803c91779b4c6ea5
89206f01a71514873b65ce36c14e2dc79220332cded6b8e33b89eab8a560feee
8b22dd1b7b4dd27e12640b006c0296ee1f17e32bdf503e5d24a3b5af7eee0abb
stress: info: [1] dispatching hogs: 0 cpu, 4 io, 0 vm, 0 hdd
Creating container: 39dsqHJv with stress type: io
stress: info: [1] dispatching hogs: 0 cpu, 4 io, 0 vm, 0 hdd
Creating container: RL7JBdfA with stress type: io
stress: info: [1] dispatching hogs: 0 cpu, 4 io, 0 vm, 0 hdd
Creating container: OFHx7wRZ with stress type: vm
f4d03bc9152f0ed218d0b1a6e4f18e7744abd5ca631782bd27ad41cf53b96dfa
3aa46d3ff4f5b5fc6fe3c3457e52b045ea346138cefef60560d8ac3b43adb7ae
3843602a02591b0772beb9cfb77adbb60d97846a6379eb1b7b9a58012e8fce5e
157c42a0ed7921b912da801f3e66196741c8f53108bcdf150e1a5ac3ea945ec1
stress: info: [1] dispatching hogs: 0 cpu, 4 io, 0 vm, 0 hdd
Creating container: DvD5Lv3G with stress type: hdd
stress: info: [1] dispatching hogs: 0 cpu, 4 io, 0 vm, 0 hdd
stress: info: [1] dispatching hogs: 0 cpu, 4 io, 0 vm, 0 hdd
Creating container: O6Xb2um7 with stress type: io
391315e10dfa153b027c8eb3fa5dfb2c8424aa2fa9c0b814b8d0e29a10dbde65
stress: info: [1] dispatching hogs: 0 cpu, 0 io, 1 vm, 0 hdd
Creating container: kpqhgGtM with stress type: io
39ba319fa41c4d7dd5c3e11f5d794f976c377c7ef41022bd407b51e867636fee
6c998abf75b9d21bc03a357db979c56226220a5315e0ffecd08cf79e8681b291
stress: info: [1] dispatching hogs: 0 cpu, 0 io, 0 vm, 1 hdd
Creating container: DpzBLVk2 with stress type: vm
stress: info: [1] dispatching hogs: 0 cpu, 4 io, 0 vm, 0 hdd
Creating container: 65gDuNAI with stress type: hdd
stress: info: [1] dispatching hogs: 0 cpu, 4 io, 0 vm, 0 hdd
Creating container: IzZiMzCZ with stress type: io
b240fdf5f07d397f5e58235026c587bbaea0579b9a243bbbae1ed897aa156ce5
9a1cc129161860dfa27eab5e39b01e4fd42c2d6ba2fef6b26b5c325bbb696228
stress: info: [1] dispatching hogs: 0 cpu, 0 io, 1 vm, 0 hdd
Creating container: 4nEI6e17 with stress type: hdd
8bb6e1093ede017287ee57ef5f44fd5ddd4e86b4c7c15edafe1c2462c509aaab
Creating container: CldRyDFB with stress type: vm
25862a39bfc63c6be9da46e51b0d28236ef27827b9b55caa880c19f7bc39aeca
2446731869c4bd9fd9f7639d8f45ff6008b74a89ab50f120e130cdeabcc49466
stress: info: [1] dispatching hogs: 0 cpu, 4 io, 0 vm, 0 hdd
Creating container: nAcqhGhz with stress type: vm
stress: info: [1] dispatching hogs: 0 cpu, 0 io, 0 vm, 1 hdd
d3a701880f35417571b2736e370350f2a62c4ec9ac2fd8b90271ee2bf632d461
stress: info: [1] dispatching hogs: 0 cpu, 0 io, 0 vm, 1 hdd
Creating container: 0arHpKPU with stress type: hdd
stress: info: [1] dispatching hogs: 0 cpu, 0 io, 1 vm, 0 hdd
Creating container: AFHJkdB5 with stress type: vm
stress: info: [1] dispatching hogs: 0 cpu, 0 io, 1 vm, 0 hdd
Creating container: O7LVVC5R with stress type: cpu
370524070de2790716b0fef8dcb9b75a40b75b1f6bad9bbca512f2146afbba91
2b8411a4782fca529034aaf52e3624526e1e2082a4b0c2d987cb1bc52bb506a6
stress: info: [1] dispatching hogs: 0 cpu, 0 io, 1 vm, 0 hdd
Creating container: sWrdgHg4 with stress type: cpu
49aa73a5e9c0e1a4595dd3dc335a5d604f399c085a3e5c2e37c28234e5c9ad2c
c7537057932ac9b8ab3a833b889dc3081d5d2f7531192344abb69abb897c91aa
stress: info: [1] dispatching hogs: 0 cpu, 0 io, 0 vm, 1 hdd
Creating container: 8kYGLtcS with stress type: io
stress: info: [1] dispatching hogs: 2 cpu, 0 io, 0 vm, 0 hdd
Creating container: iRHZQbHo with stress type: hdd
Creating container: gfymoWph with stress type: vm
stress: info: [1] dispatching hogs: 2 cpu, 0 io, 0 vm, 0 hdd
Creating container: fWKDYT4Z with stress type: hdd
9da243bfcd0c6e5bd3cbaa715e6494626c40a347c0f835ff40de4910aea839e4
75fe1c683f4af113f489391c2a1bf681d188ffb2234d48bb8347e304061acb69
7311eaec0c1c147beb9d98e78e734c9fe848505d0c8a6bfdaaf54ee0dde49941
d4a687eb53a80aa92eee2abbb3bc5ed385aef74871780071dfc0c387e731c357
stress: info: [1] dispatching hogs: 0 cpu, 0 io, 0 vm, 1 hdd
Creating container: E3iGuwZY with stress type: cpu
stress: info: [1] dispatching hogs: 0 cpu, 0 io, 1 vm, 0 hdd
Creating container: qjfmdyAM with stress type: vm
stress: info: [1] dispatching hogs: 0 cpu, 0 io, 0 vm, 1 hdd
stress: info: [1] dispatching hogs: 0 cpu, 4 io, 0 vm, 0 hdd
Creating container: gDVMrdmo with stress type: cpu
f95ec3afbe3bdbb78b6f4204df61f0e51744e727e68461498cb951383377e35a
c8dff19935e3e831ab83266b20fe466f075d1b77bdad9b19e87559329fb043ef
2ac15c80835bcbb5170ed7d9f03f097628fec275d3796b2dcf8041caa412436f
stress: info: [1] dispatching hogs: 0 cpu, 0 io, 1 vm, 0 hdd
Creating container: 5T8PHB0T with stress type: cpu
stress: info: [1] dispatching hogs: 2 cpu, 0 io, 0 vm, 0 hdd
Creating container: 85fl5Sb4 with stress type: vm
7fdc9aab5857d2af03736c217024f86ec92aafd3d7beed20414677397e44e01b
stress: info: [1] dispatching hogs: 2 cpu, 0 io, 0 vm, 0 hdd
Creating container: NJcxIG7F with stress type: cpu
84bfe94122379a12576705a562d5f23e3e95a648203ae05bf98351271729b0c1
stress: info: [1] dispatching hogs: 2 cpu, 0 io, 0 vm, 0 hdd
Creating container: baPyqRy6 with stress type: hdd
c16fb5e76746ef34779e9220f155008379ebfd99f0ea942e227cbeb501ed4b13
stress: info: [1] dispatching hogs: 0 cpu, 0 io, 1 vm, 0 hdd
Creating container: bhUKo7GE with stress type: hdd
94413660cd9e5a80b5e1b6384608e8e5f386c7ba3676a03450baf135078f8a0b
a84388cd8c6820e5665772e58b0a19df2368f06981e77b5701f27b5ae4ff62ec
stress: info: [1] dispatching hogs: 2 cpu, 0 io, 0 vm, 0 hdd
Creating container: rsdF91jk with stress type: hdd
stress: info: [1] dispatching hogs: 0 cpu, 0 io, 0 vm, 1 hdd
Creating container: f0stlEV4 with stress type: cpu
stress: info: [1] dispatching hogs: 0 cpu, 0 io, 0 vm, 1 hdd
Creating container: JK7VDHlX with stress type: io
Creating container: t4L22yA9 with stress type: io
5c850d723e5d1cf09ec9b4597f7ba88d1d740597dac100e99d9ca7e69ac29585
stress: info: [1] dispatching hogs: 0 cpu, 0 io, 0 vm, 1 hdd
Creating container: 11htMyTg with stress type: io
0cd226422b1a3d34ddb64646e86cf2ec7cea37b8f3dcf8902117ea65c9343ddd
463735eb30d49ca11966406d926c9cf33c3789446cc4f7cb66af4b501a68efa5
stress: info: [1] dispatching hogs: 2 cpu, 0 io, 0 vm, 0 hdd
Creating container: 6LWjmK3I with stress type: io
6d46cca0d9580c907d830c53a60229794b6fc7d5465d379db8a8f7925753fd23
2a096a2165b483ec6aef48391156c01f06f9ef2599cc9ff2ca1efe47279a47cd
d85f1cabee0fd12bcf4ae0c5ad25d21d811babfb335387fbc0ff0eaa7da1c59f
stress: info: [1] dispatching hogs: 0 cpu, 4 io, 0 vm, 0 hdd
stress: info: [1] dispatching hogs: 0 cpu, 4 io, 0 vm, 0 hdd
Creating container: yg0uHpEF with stress type: cpu
stress: info: [1] dispatching hogs: 0 cpu, 4 io, 0 vm, 0 hdd
Creating container: NEv5nYSr with stress type: cpu
stress: info: [1] dispatching hogs: 0 cpu, 4 io, 0 vm, 0 hdd
Creating container: 4rarQqb6 with stress type: cpu
e1a19851480ab79572245291990aacd673b3c6d01f5e4e902d69523461b091cb
b06a8c8dc51cefe3b732316231b75f31bbcf71676ec886f6898f843f5f4ca83d
5054476ef7efe480ca27b67533071c110b5ffb67e52fa17034d6f669a2e6ddc6
stress: info: [1] dispatching hogs: 2 cpu, 0 io, 0 vm, 0 hdd
Creating container: jF0oVaoc with stress type: io
stress: info: [1] dispatching hogs: 2 cpu, 0 io, 0 vm, 0 hdd
Creating container: sloYICbC with stress type: vm
stress: info: [1] dispatching hogs: 2 cpu, 0 io, 0 vm, 0 hdd
Creating container: 2rzGlSgm with stress type: vm
19ae1817edadcfb0a17a4df72b45d1b2df19860e0d5f6a230bfa357163151a50
ec9309e3e0e02d8379bddd790904d22b914be508ca824e1ee9585f8740741e51
fa3a96df9ba09f152f28a3253519bcc7b7854fb67cc5073dd53d668575ee221f
stress: info: [1] dispatching hogs: 0 cpu, 4 io, 0 vm, 0 hdd
Creating container: orXTFftZ with stress type: io
stress: info: [1] dispatching hogs: 0 cpu, 0 io, 1 vm, 0 hdd
Creating container: YHXwhKBa with stress type: hdd
stress: info: [1] dispatching hogs: 0 cpu, 0 io, 1 vm, 0 hdd
Creating container: 6l9mUNr2 with stress type: io
668ac94cda82a8ece9388c07528698f730a52fd795e2172160a394aaa0414049
f8a93c64ad653d262c1fe8bf7ba9c8726b26504822d51996dc64eff3f7b75b8c
be931065908f7a3f743cee74e820289452f268fbeecb3e806556edd6c7cd26a2
stress: info: [1] dispatching hogs: 0 cpu, 4 io, 0 vm, 0 hdd
Creating container: oWvGkIe5 with stress type: vm
stress: info: [1] dispatching hogs: 0 cpu, 0 io, 0 vm, 1 hdd
Creating container: SjhpHall with stress type: cpu
stress: info: [1] dispatching hogs: 0 cpu, 4 io, 0 vm, 0 hdd
Creating container: XZgn1Y02 with stress type: cpu
d176ec47505665ee34636fbcf0fdf4e135723f4bc34bccffbeb82dc44467e34b
ab23c888b5062378924dda336e0e2dfa1190a9970db7bb24d75fca12f667d61a
5335bef5c509d490cb6ca4e97d16fcf2164dbb29d908ab9104a4c64006ac2230
stress: info: [1] dispatching hogs: 0 cpu, 0 io, 1 vm, 0 hdd
Creating container: X5jWhynQ with stress type: vm
stress: info: [1] dispatching hogs: 2 cpu, 0 io, 0 vm, 0 hdd
stress: info: [1] dispatching hogs: 2 cpu, 0 io, 0 vm, 0 hdd
Creating container: B9y4KHKw with stress type: cpu
4f9bc8faac08685912234d907bb3cded11e469faa11b94d84b3fa3dcdcc27161
f4d377f815159816176654c71862a483823710fd05334409ffa6430271e208ed
stress: info: [1] dispatching hogs: 0 cpu, 0 io, 1 vm, 0 hdd
Creating container: l5xiHrSj with stress type: hdd
stress: info: [1] dispatching hogs: 2 cpu, 0 io, 0 vm, 0 hdd
Creating container: vTRTmIht with stress type: io
aca43c43e80e1683828f780b3a695e76db31ed065df3f07f58773254374c4ae7
666eae214b8355119aab722fd744c73913487daae445437815a9e83d7144d27a
stress: info: [1] dispatching hogs: 0 cpu, 0 io, 0 vm, 1 hdd
Creating container: Oc9JuQom with stress type: hdd
stress: info: [1] dispatching hogs: 0 cpu, 4 io, 0 vm, 0 hdd
Creating container: 4Zw5Q0Ym with stress type: cpu
e7ff84ce046dfb8582d0fd655f8c83d3a06bf5374ed722f3a4d8ce7d4156da6b
d3681a35294dd25f4381fd7720f815f58eb99b18ecc6470ffa15b32c9afb07b8
Creating container: DzAGLZUU with stress type: io
stress: info: [1] dispatching hogs: 2 cpu, 0 io, 0 vm, 0 hdd
Creating container: WpiTrS03 with stress type: io
stress: info: [1] dispatching hogs: 0 cpu, 0 io, 0 vm, 1 hdd
Creating container: rnSRY5ff with stress type: cpu
c51d94bd08781f371fc1d85c5261221ba9fd97428d5de26e307dd3126cc9363d
332f15e320a8685424808336286f92a90ef21e270a81e0f7bde91774d0ca4a75
d643687462253be32d50f2704893e7c299860da5e9b9af43f2dc5dc01ad306d2
stress: info: [1] dispatching hogs: 0 cpu, 4 io, 0 vm, 0 hdd
Creating container: yzblJsQ6 with stress type: io
stress: info: [1] dispatching hogs: 0 cpu, 4 io, 0 vm, 0 hdd
Creating container: ZqqeE5dW with stress type: hdd
stress: info: [1] dispatching hogs: 2 cpu, 0 io, 0 vm, 0 hdd
Creating container: ekcxBIgD with stress type: hdd
6b17dc2cdfffe653fb97fcffc40a02b05ac7e33957a6f1c3c7dff27eec6ccbf2
0334f9157889115b0cc121cc49c865bd856a7baa767e6e7c3fd080b2b4313370
1796193e91b0132a0396b142759272ba2ebc70b03cf994ba8181fd12fedb39ff
stress: info: [1] dispatching hogs: 0 cpu, 0 io, 0 vm, 1 hdd
stress: info: [1] dispatching hogs: 0 cpu, 4 io, 0 vm, 0 hdd
Creating container: TjY8ezTs with stress type: io
stress: info: [1] dispatching hogs: 0 cpu, 0 io, 0 vm, 1 hdd
Creating container: 0LUEYgJc with stress type: vm
Creating container: ZbP07Xpv with stress type: cpu
301d206d14312360e829bef408fc183c15175ac4f71c18fb522351806a2110ce
8d78776b5e60f5cfd0779839cf1936341e05adb2c53df344f60b21ac18192e3b
684c7fb52bc91749c509e1c86a66a7496d54106b373b8fe6505ebc03051d024f
stress: info: [1] dispatching hogs: 2 cpu, 0 io, 0 vm, 0 hdd
Creating container: 6QcdHkEx with stress type: cpu
48a027295058dad27c5cc714b75aa59e7da0bae996800b733b2ad69a69dae575
stress: info: [1] dispatching hogs: 0 cpu, 4 io, 0 vm, 0 hdd
Creating container: H4kGoeCl with stress type: hdd
stress: info: [1] dispatching hogs: 0 cpu, 0 io, 1 vm, 0 hdd
Creating container: GO5ientQ with stress type: cpu
26add072da74e6a462449000910200a3a699e008126ae2d168be54beba94eca3
a4e5f38551af4194fea8577cadd2d19270cc0f8f55693d6da9ce98e60957b54d
stress: info: [1] dispatching hogs: 2 cpu, 0 io, 0 vm, 0 hdd
Creating container: BHCJfoow with stress type: hdd
06dcaf199841c12f6b82e2c44fd9f0f1c2c2807f18e733e1270865344a3c6ef5
stress: info: [1] dispatching hogs: 0 cpu, 0 io, 0 vm, 1 hdd
Creating container: 6Edai2bt with stress type: cpu
stress: info: [1] dispatching hogs: 2 cpu, 0 io, 0 vm, 0 hdd
Creating container: TP1MH4B8 with stress type: cpu
stress: info: [1] dispatching hogs: 0 cpu, 0 io, 0 vm, 1 hdd
Creating container: 543CKwm0 with stress type: vm
Creating container: V28uCODI with stress type: io
cf726d0dcfaa21a3cce0769138245c984ac7f6001f352e4e319e5762669c1589
2ad964b48657d5fd7d2c4541a38296d515aee2347c21700f7ffbf94389bb30ba
ece6778d5427add735979c9e7e252ac2594c12dbe9a0a572b9b7fcc6da579232
a8204dd229e9e2db163df0b4fe042799a1e3d0e79e2b8e252dc040a8c40e3743
stress: info: [1] dispatching hogs: 2 cpu, 0 io, 0 vm, 0 hdd
stress: info: [1] dispatching hogs: 2 cpu, 0 io, 0 vm, 0 hdd
Creating container: HYpo97Rn with stress type: hdd
stress: info: [1] dispatching hogs: 0 cpu, 0 io, 1 vm, 0 hdd
Creating container: CEgCpBfe with stress type: cpu
stress: info: [1] dispatching hogs: 0 cpu, 4 io, 0 vm, 0 hdd
Creating container: cjDGEpGz with stress type: io
f259e53fe7a84545ebaa42011dbeabec05bbbc48166fb25fc6c987bfd2604c2c
0198665cbe72f90ed1d8f01e0c8c5033202dd6d8eec19222ffbdaa570fe28ba4
6401ff2b7da3d7bcb03acbcb4be923f86793ba3555be03e8e6c826b8fe644f7a
stress: info: [1] dispatching hogs: 0 cpu, 0 io, 0 vm, 1 hdd
Creating container: TcBAWk7m with stress type: hdd
stress: info: [1] dispatching hogs: 0 cpu, 4 io, 0 vm, 0 hdd
Creating container: fwyszQ5g with stress type: cpu
stress: info: [1] dispatching hogs: 2 cpu, 0 io, 0 vm, 0 hdd
Creating container: WmXabEby with stress type: cpu
87c6f74354d2d1e0fd165ffe2ef4af2df3ebf86fdd768491bb68b9fcebc6ecc2
b1b031df5f07276e1a9686f4e5328ee0dbb6a04ae482d6943983a681fda881e9
b9d7f81ea1fa8ad7ade2b9bbb133013805aee189f7f540e1965b842f113a0900
stress: info: [1] dispatching hogs: 2 cpu, 0 io, 0 vm, 0 hdd
Creating container: HnDSzJDA with stress type: vm
stress: info: [1] dispatching hogs: 2 cpu, 0 io, 0 vm, 0 hdd
Creating container: 3S5IIRFX with stress type: vm
stress: info: [1] dispatching hogs: 0 cpu, 0 io, 0 vm, 1 hdd
Creating container: nvUdkMyD with stress type: cpu
d81d5b2aebb8c444e4b6ee1414aa088b3c6f2b8ef1fc9cf7beeb373def863d8a
Creating container: 6EzQTLjT with stress type: hdd
0d3f7d629804c3acee7293b3fd3a84f07f5075cf3cfd59984a5fe2e14ab92aca
630509ec0626147fa45cb1c8e34a7d3b9568fa314f89b55357d31987f0d8ceab
stress: info: [1] dispatching hogs: 0 cpu, 0 io, 1 vm, 0 hdd
Creating container: Ungmh2rW with stress type: io
386c5893bac71e3caee067f9ce55fe5c96893437bcd1b0f176dbd318bfd6f354
stress: info: [1] dispatching hogs: 2 cpu, 0 io, 0 vm, 0 hdd
Creating container: 4dZJSaIx with stress type: io
1e208bcb0e048f9709c9594bb0399cb90fc4152464746fc011abc0148a086a23
stress: info: [1] dispatching hogs: 0 cpu, 0 io, 1 vm, 0 hdd
Creating container: iuzVrwpM with stress type: cpu
stress: info: [1] dispatching hogs: 0 cpu, 0 io, 0 vm, 1 hdd
Creating container: cTFvPXhP with stress type: vm
stress: info: [1] dispatching hogs: 0 cpu, 4 io, 0 vm, 0 hdd
Creating container: dAgmbTku with stress type: io
a601564239c864f8e727d665c0ab1461ed6acf2b77d1e96df5687b41b403f1a1
af0aaf11c07164c76bf6e24247f72e7d4072048cdcd20b4bf500eafcbcaa259a
e6b1a5f6f0dd9f54c92d4d0ff407683f8b39f6f8c8c5acb1ad5f75d4aee2640f
1409f93bbfffd83fc18420a80e3c9a1ce8007ebcc32bc627f9c0983c8e987473
stress: info: [1] dispatching hogs: 2 cpu, 0 io, 0 vm, 0 hdd
Creating container: uPRCsJbU with stress type: io
stress: info: [1] dispatching hogs: 0 cpu, 0 io, 1 vm, 0 hdd
Creating container: fejqhQz2 with stress type: io
stress: info: [1] dispatching hogs: 0 cpu, 4 io, 0 vm, 0 hdd
Creating container: 6pipgvIA with stress type: cpu
stress: info: [1] dispatching hogs: 0 cpu, 4 io, 0 vm, 0 hdd
Creating container: dUilkbec with stress type: hdd
67ba915b71a99a1a2eb5e20a1d4f078ac7675874fc9dbd980077950d7b37b5f3
23e66fb3dfe12ea4d3cffb27494c725a4e043dbea240b34aaf868eb5fd8c8757
a0eb756c8c0ede91882bf4fd5ae8e942d4a952da14419553742313ff56df57e4
84da462f16572765066840ebf12197e672df2c88e814dc41c587100a6e9a85c4
stress: info: [1] dispatching hogs: 0 cpu, 4 io, 0 vm, 0 hdd
Creating container: qg4vfulw with stress type: cpu
stress: info: [1] dispatching hogs: 0 cpu, 4 io, 0 vm, 0 hdd
Creating container: yWcBySVJ with stress type: io
stress: info: [1] dispatching hogs: 2 cpu, 0 io, 0 vm, 0 hdd
stress: info: [1] dispatching hogs: 0 cpu, 0 io, 0 vm, 1 hdd
Creating container: AkR8qDy0 with stress type: cpu
Creating container: 0DYA8aoB with stress type: hdd
0b1c0b9f56dae721be5715fcc8bc2e15238f2ca5a22b365f3358ca73614f5500
cfa8de35593a09b9b85baf3305deb15fb154f1cccd5167f6f855bb5cfe797e50
ac7e62466b1d5eed9b4d7dc038544b4b951ca46bfe3f046ba4183db22578c3fe
9ff26d70269d236a2d5b98c347ea6c6f7f58c783a3e30b3497fc1346817dfb44
stress: info: [1] dispatching hogs: 0 cpu, 0 io, 0 vm, 1 hdd
Creating container: MNswqE0z with stress type: cpu
stress: info: [1] dispatching hogs: 2 cpu, 0 io, 0 vm, 0 hdd
stress: info: [1] dispatching hogs: 0 cpu, 4 io, 0 vm, 0 hdd
Creating container: Ji99EJzO with stress type: vm
stress: info: [1] dispatching hogs: 2 cpu, 0 io, 0 vm, 0 hdd
Creating container: GSNXbkan with stress type: cpu
662c134181e7e571d230df7406b552e2a4093bd627b32961358a4670d9d33196
68c556937b239c0b1e3180c95684e78eaabb3a1ad8ee0440db5e37ebb7f6821a
883128b82be69b451f62f087780d861e6914d694375db7ed7d8a27a4ecc15a98
stress: info: [1] dispatching hogs: 2 cpu, 0 io, 0 vm, 0 hdd
Creating container: wqwH1AXg with stress type: vm
stress: info: [1] dispatching hogs: 0 cpu, 0 io, 1 vm, 0 hdd
Creating container: hCov6phu with stress type: io
stress: info: [1] dispatching hogs: 2 cpu, 0 io, 0 vm, 0 hdd
Creating container: i6PUqAmv with stress type: hdd
763a658e3e66a38c9f97b27dc79ecf5cfa0e76acb0057647c7d9a41e27614f5d
581308fa7f04557d5cff1b16c22b19b2dd4bf9fa982c9b5ab9b1fbfceb2456ed
b03b5703c75e29a6eecfb0b01fdb9b2958aff50405a60bf0c75506ee3b4f8b27
stress: info: [1] dispatching hogs: 0 cpu, 4 io, 0 vm, 0 hdd
Creating container: tpAXIXPP with stress type: vm
stress: info: [1] dispatching hogs: 0 cpu, 0 io, 1 vm, 0 hdd
stress: info: [1] dispatching hogs: 0 cpu, 0 io, 0 vm, 1 hdd
Creating container: wEPvGOzw with stress type: hdd
9879cb5000366c58504500ca5ea2dc39290fc03a9e13c2ae70f230848c50ec4d
33c9f5ecfe25f1447966758a8cd77d1670f481c3221e9782e63ed1f787cfca0d
stress: info: [1] dispatching hogs: 0 cpu, 0 io, 0 vm, 1 hdd
Creating container: fVIg5ZA0 with stress type: hdd
stress: info: [1] dispatching hogs: 0 cpu, 0 io, 1 vm, 0 hdd
Creating container: RIXcPH4r with stress type: cpu
b213a4392df1187871f23c875911f25c8711cfb95bc9578ed18c1da5be0a33c0
025299c767ce24812a183f2c2b6d8d545b2b8276f239f1cdc5bd118583d393ee
stress: info: [1] dispatching hogs: 2 cpu, 0 io, 0 vm, 0 hdd
Creating container: HE2oA3t7 with stress type: vm
stress: info: [1] dispatching hogs: 0 cpu, 0 io, 0 vm, 1 hdd
Creating container: AZPNBebA with stress type: cpu
991208772c376655ac47a2ccdb91c94be22748d3b4e1740ca20a8b22c4c0ae3b
stress: info: [1] dispatching hogs: 2 cpu, 0 io, 0 vm, 0 hdd
Creating container: hSo4vN60 with stress type: io
a1de8f85981a399cc71882f672bd6d692f91ea8946d1edda8d511c758159940e
5ef156499646edab459193e358b7e3549c55f4157558db9297a9161e0b247107
stress: info: [1] dispatching hogs: 0 cpu, 0 io, 1 vm, 0 hdd
Creating container: d5Mi4QUS with stress type: cpu
stress: info: [1] dispatching hogs: 0 cpu, 4 io, 0 vm, 0 hdd
Creating container: mRb7HcoF with stress type: io
fe7c5758461579432738c4f4204f6f1827703554ba41af32077ea4f5f96b3729
a02faf8d53b9ae2fefe9fd7c44a5235d92e25e9b5b7d0a1cd8660abbe3ce49f6
stress: info: [1] dispatching hogs: 0 cpu, 4 io, 0 vm, 0 hdd
Creating container: klPjR4Qd with stress type: io
stress: info: [1] dispatching hogs: 2 cpu, 0 io, 0 vm, 0 hdd
f0689bef40b60242e240a96d09558dafd6eb8b63b35b02bb342a60e1c0038576
stress: info: [1] dispatching hogs: 0 cpu, 4 io, 0 vm, 0 hdd
Creating container: cnpXz1e8 with stress type: hdd
b30c6413b8408076c121146feab5c7b06efa257822a87be0c37bd4643068ef12
stress: info: [1] dispatching hogs: 0 cpu, 0 io, 0 vm, 1 hdd
